C51 COMPILER V9.00   HMC764                                                                03/13/2019 16:09:45 PAGE 1   


C51 COMPILER V9.00, COMPILATION OF MODULE HMC764
OBJECT MODULE PLACED IN .\hmc764.obj
COMPILER INVOKED BY: D:\Keil51\C51\BIN\C51.EXE ..\source\hmc764.c LARGE BROWSE DEBUG OBJECTEXTEND PRINT(.\hmc764.lst) OB
                    -JECT(.\hmc764.obj)

line level    source

   1          #include "c8051f330.h"
   2          #define SYSCLK     24000000        // SYSCLK frequency in Hz
   3          
   4          sbit ADF4002_LE = P1^2;
   5          sbit ADF4002_DATA = P1^1;
   6          sbit ADF4002_CLK = P1^0 ;
   7          sbit ADF4002_LD = P1^3 ;
   8          
   9          void SYSCLK_Init (void)
  10          {
  11   1         OSCICN = 0x83;
  12   1        // RSTSRC = 0x04;          
  13   1      }
  14          
  15          void delay_us(int t)
  16          {
  17   1              unsigned int x,y;
  18   1              for(x=t;x>0;x--)
  19   1                      for(y=110;y>0;y--);
  20   1      }
  21          
  22          
  23          void write_ADF4002_24_resister(unsigned long addr_data)
  24           {
  25   1              unsigned char i;
  26   1              unsigned long reg_data_value;
  27   1              ADF4002_LE = 1;
  28   1              delay_us(5);
  29   1              ADF4002_LE = 0;
  30   1              delay_us(5);
  31   1              reg_data_value = addr_data;
  32   1              for(i = 0; i < 24; i++)
  33   1              {       
  34   2                      if((0x800000 & reg_data_value) == 0x800000)
  35   2                      {
  36   3                              ADF4002_DATA = 1;                               
  37   3                      }
  38   2                      else
  39   2                      {
  40   3                              ADF4002_DATA = 0;
  41   3                      }
  42   2                      delay_us(1);
  43   2                      ADF4002_CLK = 1;
  44   2                      delay_us(1);
  45   2                      ADF4002_CLK = 0;
  46   2                      delay_us(1);
  47   2                      reg_data_value <<= 1;
  48   2              }
  49   1              delay_us(5);
  50   1              ADF4002_LE = 1;
  51   1              delay_us(5);
  52   1       }
  53          void ADF4002()
  54           {
C51 COMPILER V9.00   HMC764                                                                03/13/2019 16:09:45 PAGE 2   

  55   1      
  56   1              write_ADF4002_24_resister(0xD8092);             //10 Function Latch 输出参数重要 R分频输出       
  57   1              write_ADF4002_24_resister(0xD8093); //11 Initialization Latch
  58   1              write_ADF4002_24_resister(0x4);          //00 R COUNTER  
  59   1              write_ADF4002_24_resister(0xA01);   //01 N=10 COUNTER B =6  A =4
  60   1              
  61   1       }
  62          
  63          void PORT_Init_4002(void)
  64          {
  65   1         XBR0     = 0x00;    //将SPI的I/O连接到端口引脚
  66   1         XBR1     = 0x40;    //交叉开关使能
  67   1         P1MDOUT |= 0xE0;        //或运算，确保低四位为1，高四位维持原来的 
  68   1        // P1MDOUT |= 0x01;   //P1^3,4,5 
  69   1      }
  70          
  71          void main()
  72          {
  73   1              PCA0MD &= ~0x40;   //关看门狗
  74   1              SYSCLK_Init();
  75   1              PORT_Init_4002();
  76   1              delay_us(50000);
  77   1              delay_us(50000);
  78   1      
  79   1              ADF4002();
  80   1              ADF4002();
  81   1              while(1)
  82   1              {        
  83   2      //              if(ADF4002_LD == 0)
  84   2      //              {
  85   2      //                      delay_us(10);
  86   2      //                      if(ADF4002_LD == 0)
  87   2      //                      {
  88   2      //
  89   2      //                              write_ADF4002_24_resister(0xD809a);             //10 Function Latch 输出参数重要 R分频输出       
  90   2      //                              write_ADF4002_24_resister(0xD809a); //11 Initialization Latch
  91   2      //                              write_ADF4002_24_resister(0x100004);     //00 R COUNTER  
  92   2      //                              write_ADF4002_24_resister(0xA01);   //01 N COUNTER B =6  A =4                           
  93   2      //                                                      
  94   2      //                              delay_us(50000);
  95   2      //                              
  96   2      //                              write_ADF4002_24_resister(0xD8092);             //10 Function Latch 输出参数重要 R分频输出       
  97   2      //                              write_ADF4002_24_resister(0xD8093); //11 Initialization Latch
  98   2      //                              write_ADF4002_24_resister(0x100004);     //00 R COUNTER  
  99   2      //                              write_ADF4002_24_resister(0xA01);   //01 N COUNTER B =6  A =4   
 100   2      //                              
 101   2      //                              delay_us(50000);                        
 102   2                                                                                                                              
 103   2      //                      }
 104   2      //
 105   2      //              }
 106   2              //      OSCICN = 0x00;
 107   2              }
 108   1      }
 109          
 110          
 111          
 112                  
 113                  
 114          


C51 COMPILER V9.00   HMC764                                                                03/13/2019 16:09:45 PAGE 3   

MODULE INFORMATION:   STATIC OVERLAYABLE
   CODE SIZE        =    266    ----
   CONSTANT SIZE    =   ----    ----
   XDATA SIZE       =   ----       9
   PDATA SIZE       =   ----    ----
   DATA SIZE        =   ----    ----
   IDATA SIZE       =   ----    ----
   BIT SIZE         =   ----    ----
END OF MODULE INFORMATION.


C51 COMPILATION COMPLETE.  0 WARNING(S),  0 ERROR(S)
